#
# A fatal error has been detected by the Java Runtime Environment:
#
#  SIGSEGV (0xb) at pc=0x7573fac2, pid=10198, tid=3062520640
#
# JRE version: Java(TM) SE Runtime Environment (7.0_51-b13) (build 1.7.0_51-b13)
# Java VM: Java HotSpot(TM) Server VM (24.51-b03 mixed mode linux-x86 )
# Problematic frame:
# C  [libopenal.so+0x1bac2]  alcCreateContext+0xd2
#
# Failed to write core dump. Core dumps have been disabled. To enable core dumping, try "ulimit -c unlimited" before starting Java again
#
# If you would like to submit a bug report, please visit:
#   http://bugreport.sun.com/bugreport/crash.jsp
# The crash happened outside the Java Virtual Machine in native code.
# See problematic frame for where to report the bug.
#

---------------  T H R E A D  ---------------

Current thread (0xb6707800):  JavaThread "main" [_thread_in_native, id=10200, stack(0xb6855000,0xb68a6000)]

siginfo:si_signo=SIGSEGV: si_errno=0, si_code=1 (SEGV_MAPERR), si_addr=0x76300004

Registers:
EAX=0x76300004, EBX=0x75773ff4, ECX=0x000000ff, EDX=0x00000001
ESP=0xb68a4d00, EBP=0x762ffffc, ESI=0x74a00030, EDI=0x00000001
EIP=0x7573fac2, EFLAGS=0x00210293, CR2=0x76300004

Top of Stack: (sp=0xb68a4d00)
0xb68a4d00:   b6707e74 b6707e64 b6707e64 fffffffe
0xb68a4d10:   00000000 00000000 00000000 b36d5b59
0xb68a4d20:   00000008 b70fdb68 765dfd60 00000004
0xb68a4d30:   00000000 7916a475 00014cd7 00000000
0xb68a4d40:   0000000d b6707e54 b68a4e0c b36e0314
0xb68a4d50:   b6b3088e 000000ff b6fd4cb6 b68a4d6c
0xb68a4d60:   b7194c18 b68a50c0 b6705c00 b68a4dac
0xb68a4d70:   b6d4c2ee b68a4d98 00000004 0000ac44 

Instructions: (pc=0x7573fac2)
0x7573faa2:   8d b6 00 00 00 00 8b 55 00 81 fa 11 10 00 00 74
0x7573fab2:   3b 81 fa 03 00 02 00 75 07 8b 50 fc 89 54 24 78
0x7573fac2:   8b 10 89 c5 83 c0 08 85 d2 74 3a 81 fa 07 10 00
0x7573fad2:   00 75 d3 8b 50 fc 89 54 24 7c 83 8e cc 00 00 00 

Register to memory mapping:

EAX=0x76300004 is an unknown value
EBX=0x75773ff4: <offset 0x4fff4> in /tmp/libgdxto/417985b7/libopenal.so at 0x75724000
ECX=0x000000ff is an unknown value
EDX=0x00000001 is an unknown value
ESP=0xb68a4d00 is pointing into the stack for thread: 0xb6707800
EBP=0x762ffffc is an unknown value
ESI=0x74a00030 is an unknown value
EDI=0x00000001 is an unknown value


Stack: [0xb6855000,0xb68a6000],  sp=0xb68a4d00,  free space=319k
Native frames: (J=compiled Java code, j=interpreted, Vv=VM code, C=native code)
C  [libopenal.so+0x1bac2]  alcCreateContext+0xd2

Java frames: (J=compiled Java code, j=interpreted, Vv=VM code)
j  org.lwjgl.openal.ALC10.nalcCreateContext(JJ)J+0
j  org.lwjgl.openal.ALC10.alcCreateContext(Lorg/lwjgl/openal/ALCdevice;Ljava/nio/IntBuffer;)Lorg/lwjgl/openal/ALCcontext;+8
j  org.lwjgl.openal.AL.init(Ljava/lang/String;IIZZ)V+69
j  org.lwjgl.openal.AL.create(Ljava/lang/String;IIZZ)V+227
j  org.lwjgl.openal.AL.create(Ljava/lang/String;IIZ)V+5
j  org.lwjgl.openal.AL.create()V+6
j  com.badlogic.gdx.backends.openal.OpenALAudio.<init>(III)V+121
j  com.badlogic.gdx.backends.lwjgl.LwjglApplication.<init>(Lcom/badlogic/gdx/ApplicationListener;Lcom/badlogic/gdx/backends/lwjgl/LwjglApplicationConfiguration;Lcom/badlogic/gdx/backends/lwjgl/LwjglGraphics;)V+107
j  com.badlogic.gdx.backends.lwjgl.LwjglApplication.<init>(Lcom/badlogic/gdx/ApplicationListener;Lcom/badlogic/gdx/backends/lwjgl/LwjglApplicationConfiguration;)V+11
j  com.formatic.boxes.Main.main([Ljava/lang/String;)V+39
v  ~StubRoutines::call_stub

---------------  P R O C E S S  ---------------

Java Threads: ( => current thread )
  0x762f3400 JavaThread "AWT-XAWT" daemon [_thread_in_native, id=10218, stack(0x757d3000,0x75824000)]
  0x762dcc00 JavaThread "Java2D Disposer" daemon [_thread_blocked, id=10217, stack(0x7584d000,0x7589e000)]
  0x76228400 JavaThread "Service Thread" daemon [_thread_blocked, id=10214, stack(0x78a00000,0x78a51000)]
  0x76226800 JavaThread "C2 CompilerThread1" daemon [_thread_blocked, id=10213, stack(0x75cd9000,0x75d5a000)]
  0x76224800 JavaThread "C2 CompilerThread0" daemon [_thread_in_native, id=10212, stack(0x75d5a000,0x75ddb000)]
  0x76222c00 JavaThread "Signal Dispatcher" daemon [_thread_blocked, id=10211, stack(0x75ddb000,0x75e2c000)]
  0x76213000 JavaThread "Finalizer" daemon [_thread_blocked, id=10210, stack(0x7615e000,0x761af000)]
  0x76211800 JavaThread "Reference Handler" daemon [_thread_blocked, id=10208, stack(0x761af000,0x76200000)]
=>0xb6707800 JavaThread "main" [_thread_in_native, id=10200, stack(0xb6855000,0xb68a6000)]

Other Threads:
  0x76210400 VMThread [stack: 0x76334000,0x763b5000] [id=10206]
  0x7622a000 WatcherThread [stack: 0x75c58000,0x75cd9000] [id=10215]

VM state:not at safepoint (normal execution)

VM Mutex/Monitor currently owned by a thread: None

Heap
 PSYoungGen      total 16384K, used 3115K [0xa1340000, 0xa2580000, 0xb3600000)
  eden space 14080K, 22% used [0xa1340000,0xa164aca0,0xa2100000)
  from space 2304K, 0% used [0xa2340000,0xa2340000,0xa2580000)
  to   space 2304K, 0% used [0xa2100000,0xa2100000,0xa2340000)
 ParOldGen       total 37120K, used 0K [0x7ce00000, 0x7f240000, 0xa1340000)
  object space 37120K, 0% used [0x7ce00000,0x7ce00000,0x7f240000)
 PSPermGen       total 16384K, used 3515K [0x78e00000, 0x79e00000, 0x7ce00000)
  object space 16384K, 21% used [0x78e00000,0x7916efc0,0x79e00000)

Card table byte_map: [0x78c2b000,0x78e00000] byte_map_base: 0x78864000

Polling page: 0xb77bb000

Code Cache  [0xb36cd000, 0xb390d000, 0xb66cd000)
 total_blobs=197 nmethods=10 adapters=142 free_code_cache=48816Kb largest_free_block=49975808

Compilation events (10 events):
Event: 0,146 Thread 0x76226800 nmethod 6 0xb371c408 code [0xb371c500, 0xb371c590]
Event: 0,162 Thread 0x76226800    7             java.util.Properties$LineReader::readLine (452 bytes)
Event: 0,177 Thread 0x76226800 nmethod 7 0xb371b4c8 code [0xb371b620, 0xb371bdc4]
Event: 0,193 Thread 0x76224800    8             java.io.UnixFileSystem::normalize (75 bytes)
Event: 0,198 Thread 0x76224800 nmethod 8 0xb371c648 code [0xb371c760, 0xb371c964]
Event: 0,230 Thread 0x76226800    9             java.lang.Object::<init> (1 bytes)
Event: 0,231 Thread 0x76226800 nmethod 9 0xb371d548 code [0xb371d640, 0xb371d6b0]
Event: 0,245 Thread 0x76226800   10             java.lang.String::startsWith (72 bytes)
Event: 0,249 Thread 0x76226800 nmethod 10 0xb371e648 code [0xb371e740, 0xb371e8b0]
Event: 0,267 Thread 0x76224800   11             sun.net.www.ParseUtil::encodePath (336 bytes)

GC Heap History (0 events):
No events

Deoptimization events (0 events):
No events

Internal exceptions (10 events):
Event: 0,252 Thread 0xb6707800 Threw 0xa15b1d68 at /HUDSON/workspace/7u-2-build-linux-i586/jdk7u51/527/hotspot/src/share/vm/prims/jvm.cpp:1244
Event: 0,253 Thread 0xb6707800 Threw 0xa15b8d08 at /HUDSON/workspace/7u-2-build-linux-i586/jdk7u51/527/hotspot/src/share/vm/prims/jvm.cpp:1244
Event: 0,254 Thread 0xb6707800 Threw 0xa160a378 at /HUDSON/workspace/7u-2-build-linux-i586/jdk7u51/527/hotspot/src/share/vm/prims/jvm.cpp:1244
Event: 0,255 Thread 0xb6707800 Threw 0xa160db58 at /HUDSON/workspace/7u-2-build-linux-i586/jdk7u51/527/hotspot/src/share/vm/prims/jvm.cpp:1244
Event: 0,256 Thread 0xb6707800 Threw 0xa16144e8 at /HUDSON/workspace/7u-2-build-linux-i586/jdk7u51/527/hotspot/src/share/vm/prims/jvm.cpp:1244
Event: 0,256 Thread 0xb6707800 Threw 0xa1617610 at /HUDSON/workspace/7u-2-build-linux-i586/jdk7u51/527/hotspot/src/share/vm/prims/jvm.cpp:1244
Event: 0,266 Thread 0xb6707800 Threw 0xa161bf48 at /HUDSON/workspace/7u-2-build-linux-i586/jdk7u51/527/hotspot/src/share/vm/prims/jvm.cpp:1244
Event: 0,267 Thread 0xb6707800 Threw 0xa1620248 at /HUDSON/workspace/7u-2-build-linux-i586/jdk7u51/527/hotspot/src/share/vm/prims/jvm.cpp:1244
Event: 0,268 Thread 0xb6707800 Threw 0xa1624010 at /HUDSON/workspace/7u-2-build-linux-i586/jdk7u51/527/hotspot/src/share/vm/prims/jvm.cpp:1244
Event: 0,269 Thread 0xb6707800 Threw 0xa1627d60 at /HUDSON/workspace/7u-2-build-linux-i586/jdk7u51/527/hotspot/src/share/vm/prims/jvm.cpp:1244

Events (10 events):
Event: 0,266 loading class 0x762fa088
Event: 0,266 loading class 0x762fa088 done
Event: 0,267 loading class 0x762ab6b8
Event: 0,267 loading class 0x762ab6b8 done
Event: 0,268 loading class 0x766075e8
Event: 0,268 loading class 0x766075e8 done
Event: 0,268 loading class 0x762fa0b8
Event: 0,268 loading class 0x762fa0b8 done
Event: 0,269 loading class 0x762fff00
Event: 0,269 loading class 0x762fff00 done


Dynamic libraries:
08048000-08049000 r-xp 00000000 08:04 1050310    /usr/java/jre1.7.0_51/bin/java
08049000-0804a000 rw-p 00000000 08:04 1050310    /usr/java/jre1.7.0_51/bin/java
0832e000-083ce000 rw-p 00000000 00:00 0          [heap]
709ff000-74a00000 rw-s 00000000 00:12 85996      /run/shm/pulse-shm-3252204386
74a00000-74a26000 rw-p 00000000 00:00 0 
74a26000-74b00000 ---p 00000000 00:00 0 
74b82000-74b83000 ---p 00000000 00:00 0 
74b83000-75383000 rw-p 00000000 00:00 0          [stack:10220]
75383000-75396000 r-xp 00000000 08:04 4849790    /lib/i386-linux-gnu/libresolv-2.15.so
75396000-75397000 ---p 00013000 08:04 4849790    /lib/i386-linux-gnu/libresolv-2.15.so
75397000-75398000 r--p 00013000 08:04 4849790    /lib/i386-linux-gnu/libresolv-2.15.so
75398000-75399000 rw-p 00014000 08:04 4849790    /lib/i386-linux-gnu/libresolv-2.15.so
75399000-7539b000 rw-p 00000000 00:00 0 
7539b000-753a1000 r-xp 00000000 08:04 136082     /usr/lib/i386-linux-gnu/libogg.so.0.7.1
753a1000-753a2000 r--p 00005000 08:04 136082     /usr/lib/i386-linux-gnu/libogg.so.0.7.1
753a2000-753a3000 rw-p 00006000 08:04 136082     /usr/lib/i386-linux-gnu/libogg.so.0.7.1
753a3000-753cc000 r-xp 00000000 08:04 136232     /usr/lib/i386-linux-gnu/libvorbis.so.0.4.5
753cc000-753cd000 r--p 00028000 08:04 136232     /usr/lib/i386-linux-gnu/libvorbis.so.0.4.5
753cd000-753ce000 rw-p 00029000 08:04 136232     /usr/lib/i386-linux-gnu/libvorbis.so.0.4.5
753ce000-75534000 r-xp 00000000 08:04 136234     /usr/lib/i386-linux-gnu/libvorbisenc.so.2.0.8
75534000-75545000 r--p 00165000 08:04 136234     /usr/lib/i386-linux-gnu/libvorbisenc.so.2.0.8
75545000-75546000 rw-p 00176000 08:04 136234     /usr/lib/i386-linux-gnu/libvorbisenc.so.2.0.8
75546000-75592000 r-xp 00000000 08:04 135601     /usr/lib/i386-linux-gnu/libFLAC.so.8.2.0
75592000-75593000 r--p 0004b000 08:04 135601     /usr/lib/i386-linux-gnu/libFLAC.so.8.2.0
75593000-75594000 rw-p 0004c000 08:04 135601     /usr/lib/i386-linux-gnu/libFLAC.so.8.2.0
75594000-75600000 r-xp 00000000 08:04 136177     /usr/lib/i386-linux-gnu/libsndfile.so.1.0.25
75600000-75601000 r--p 0006c000 08:04 136177     /usr/lib/i386-linux-gnu/libsndfile.so.1.0.25
75601000-75602000 rw-p 0006d000 08:04 136177     /usr/lib/i386-linux-gnu/libsndfile.so.1.0.25
75602000-75606000 rw-p 00000000 00:00 0 
75606000-7560e000 r-xp 00000000 08:04 4850605    /lib/i386-linux-gnu/libwrap.so.0.7.6
7560e000-7560f000 r--p 00007000 08:04 4850605    /lib/i386-linux-gnu/libwrap.so.0.7.6
7560f000-75610000 rw-p 00008000 08:04 4850605    /lib/i386-linux-gnu/libwrap.so.0.7.6
75610000-75657000 r-xp 00000000 08:04 4850478    /lib/i386-linux-gnu/libdbus-1.so.3.5.8
75657000-75658000 r--p 00047000 08:04 4850478    /lib/i386-linux-gnu/libdbus-1.so.3.5.8
75658000-75659000 rw-p 00048000 08:04 4850478    /lib/i386-linux-gnu/libdbus-1.so.3.5.8
75659000-756bc000 r-xp 00000000 08:04 133963     /usr/lib/i386-linux-gnu/libpulsecommon-1.1.so
756bc000-756bd000 r--p 00062000 08:04 133963     /usr/lib/i386-linux-gnu/libpulsecommon-1.1.so
756bd000-756be000 rw-p 00063000 08:04 133963     /usr/lib/i386-linux-gnu/libpulsecommon-1.1.so
756be000-7570a000 r-xp 00000000 08:04 133961     /usr/lib/i386-linux-gnu/libpulse.so.0.13.5
7570a000-7570b000 r--p 0004b000 08:04 133961     /usr/lib/i386-linux-gnu/libpulse.so.0.13.5
7570b000-7570c000 rw-p 0004c000 08:04 133961     /usr/lib/i386-linux-gnu/libpulse.so.0.13.5
75713000-75724000 r--p 00000000 08:04 1326067    /usr/share/locale-langpack/es/LC_MESSAGES/pulseaudio.mo
75724000-75772000 r-xp 00000000 08:04 9969704    /tmp/libgdxto/417985b7/libopenal.so
75772000-75774000 r--p 0004d000 08:04 9969704    /tmp/libgdxto/417985b7/libopenal.so
75774000-75775000 rw-p 0004f000 08:04 9969704    /tmp/libgdxto/417985b7/libopenal.so
75775000-757d0000 r-xp 00000000 08:04 9969702    /tmp/libgdxto/417985b7/liblwjgl.so
757d0000-757d1000 ---p 0005b000 08:04 9969702    /tmp/libgdxto/417985b7/liblwjgl.so
757d1000-757d2000 r--p 0005b000 08:04 9969702    /tmp/libgdxto/417985b7/liblwjgl.so
757d2000-757d3000 rw-p 0005c000 08:04 9969702    /tmp/libgdxto/417985b7/liblwjgl.so
757d3000-757d6000 ---p 00000000 00:00 0 
757d6000-75824000 rw-p 00000000 00:00 0          [stack:10218]
75824000-75828000 r-xp 00000000 08:04 133181     /usr/lib/i386-linux-gnu/libXfixes.so.3.1.0
75828000-75829000 r--p 00004000 08:04 133181     /usr/lib/i386-linux-gnu/libXfixes.so.3.1.0
75829000-7582a000 rw-p 00005000 08:04 133181     /usr/lib/i386-linux-gnu/libXfixes.so.3.1.0
7582a000-75833000 r-xp 00000000 08:04 133343     /usr/lib/i386-linux-gnu/libXcursor.so.1.0.2
75833000-75834000 r--p 00008000 08:04 133343     /usr/lib/i386-linux-gnu/libXcursor.so.1.0.2
75834000-75835000 rw-p 00009000 08:04 133343     /usr/lib/i386-linux-gnu/libXcursor.so.1.0.2
7583e000-75843000 r-xp 00000000 08:04 135717     /usr/lib/i386-linux-gnu/libasyncns.so.0.3.1
75843000-75844000 r--p 00004000 08:04 135717     /usr/lib/i386-linux-gnu/libasyncns.so.0.3.1
75844000-75845000 rw-p 00005000 08:04 135717     /usr/lib/i386-linux-gnu/libasyncns.so.0.3.1
75845000-7584b000 r-xp 00000000 08:04 136016     /usr/lib/i386-linux-gnu/libjson.so.0.0.1
7584b000-7584c000 r--p 00005000 08:04 136016     /usr/lib/i386-linux-gnu/libjson.so.0.0.1
7584c000-7584d000 rw-p 00006000 08:04 136016     /usr/lib/i386-linux-gnu/libjson.so.0.0.1
7584d000-75850000 ---p 00000000 00:00 0 
75850000-7589e000 rw-p 00000000 00:00 0          [stack:10217]
7589e000-758c3000 r--p 00000000 08:04 1327825    /usr/share/locale-langpack/es/LC_MESSAGES/libc.mo
758c3000-758c8000 r-xp 00000000 08:04 135667     /usr/lib/i386-linux-gnu/libXdmcp.so.6.0.0
758c8000-758c9000 r--p 00004000 08:04 135667     /usr/lib/i386-linux-gnu/libXdmcp.so.6.0.0
758c9000-758ca000 rw-p 00005000 08:04 135667     /usr/lib/i386-linux-gnu/libXdmcp.so.6.0.0
758ca000-758e9000 r-xp 00000000 08:04 133177     /usr/lib/i386-linux-gnu/libxcb.so.1.1.0
758e9000-758ea000 r--p 0001f000 08:04 133177     /usr/lib/i386-linux-gnu/libxcb.so.1.1.0
758ea000-758eb000 rw-p 00020000 08:04 133177     /usr/lib/i386-linux-gnu/libxcb.so.1.1.0
758eb000-758fa000 r-xp 00000000 08:04 133239     /usr/lib/i386-linux-gnu/libXi.so.6.1.0
758fa000-758fb000 r--p 0000e000 08:04 133239     /usr/lib/i386-linux-gnu/libXi.so.6.1.0
758fb000-758fc000 rw-p 0000f000 08:04 133239     /usr/lib/i386-linux-gnu/libXi.so.6.1.0
758fc000-75a2c000 r-xp 00000000 08:04 133173     /usr/lib/i386-linux-gnu/libX11.so.6.3.0
75a2c000-75a2d000 r--p 0012f000 08:04 133173     /usr/lib/i386-linux-gnu/libX11.so.6.3.0
75a2d000-75a2f000 rw-p 00130000 08:04 133173     /usr/lib/i386-linux-gnu/libX11.so.6.3.0
75a2f000-75a30000 rw-p 00000000 00:00 0 
75a30000-75ab6000 r-xp 00000000 08:04 923346     /usr/java/jre1.7.0_51/lib/i386/libawt.so
75ab6000-75abd000 rw-p 00086000 08:04 923346     /usr/java/jre1.7.0_51/lib/i386/libawt.so
75abd000-75ae1000 rw-p 00000000 00:00 0 
75ae1000-75afd000 r-xp 00000000 08:04 4850517    /lib/i386-linux-gnu/libgcc_s.so.1
75afd000-75afe000 r--p 0001b000 08:04 4850517    /lib/i386-linux-gnu/libgcc_s.so.1
75afe000-75aff000 rw-p 0001c000 08:04 4850517    /lib/i386-linux-gnu/libgcc_s.so.1
75aff000-75bd7000 r-xp 00000000 08:04 136199     /usr/lib/i386-linux-gnu/libstdc++.so.6.0.16
75bd7000-75bd8000 ---p 000d8000 08:04 136199     /usr/lib/i386-linux-gnu/libstdc++.so.6.0.16
75bd8000-75bdc000 r--p 000d8000 08:04 136199     /usr/lib/i386-linux-gnu/libstdc++.so.6.0.16
75bdc000-75bdd000 rw-p 000dc000 08:04 136199     /usr/lib/i386-linux-gnu/libstdc++.so.6.0.16
75bdd000-75be4000 rw-p 00000000 00:00 0 
75be4000-75c56000 r-xp 00000000 08:04 9969699    /tmp/libgdxto/2535ec09/libgdx.so
75c56000-75c57000 r--p 00072000 08:04 9969699    /tmp/libgdxto/2535ec09/libgdx.so
75c57000-75c58000 rw-p 00073000 08:04 9969699    /tmp/libgdxto/2535ec09/libgdx.so
75c58000-75c59000 ---p 00000000 00:00 0 
75c59000-75cd9000 rw-p 00000000 00:00 0          [stack:10215]
75cd9000-75cdc000 ---p 00000000 00:00 0 
75cdc000-75d5a000 rw-p 00000000 00:00 0          [stack:10213]
75d5a000-75d5d000 ---p 00000000 00:00 0 
75d5d000-75ddb000 rw-p 00000000 00:00 0          [stack:10212]
75ddb000-75dde000 ---p 00000000 00:00 0 
75dde000-75e2c000 rw-p 00000000 00:00 0          [stack:10211]
75e2c000-75e2d000 r--p 0084b000 08:04 138285     /usr/lib/locale/locale-archive
75e2d000-75f5e000 r--p 005e3000 08:04 138285     /usr/lib/locale/locale-archive
75f5e000-7615e000 r--p 00000000 08:04 138285     /usr/lib/locale/locale-archive
7615e000-76161000 ---p 00000000 00:00 0 
76161000-761af000 rw-p 00000000 00:00 0          [stack:10210]
761af000-761b2000 ---p 00000000 00:00 0 
761b2000-76200000 rw-p 00000000 00:00 0          [stack:10208]
76200000-76300000 rw-p 00000000 00:00 0 
76303000-76308000 r-xp 00000000 08:04 133356     /usr/lib/i386-linux-gnu/libXtst.so.6.1.0
76308000-76309000 r--p 00004000 08:04 133356     /usr/lib/i386-linux-gnu/libXtst.so.6.1.0
76309000-7630a000 rw-p 00005000 08:04 133356     /usr/lib/i386-linux-gnu/libXtst.so.6.1.0
7630a000-7631a000 r-xp 00000000 08:04 133182     /usr/lib/i386-linux-gnu/libXext.so.6.4.0
7631a000-7631b000 r--p 0000f000 08:04 133182     /usr/lib/i386-linux-gnu/libXext.so.6.4.0
7631b000-7631c000 rw-p 00010000 08:04 133182     /usr/lib/i386-linux-gnu/libXext.so.6.4.0
7631e000-76322000 r-xp 00000000 08:04 133240     /usr/lib/i386-linux-gnu/libXxf86vm.so.1.0.0
76322000-76323000 r--p 00003000 08:04 133240     /usr/lib/i386-linux-gnu/libXxf86vm.so.1.0.0
76323000-76324000 rw-p 00004000 08:04 133240     /usr/lib/i386-linux-gnu/libXxf86vm.so.1.0.0
76324000-7632b000 r-xp 00000000 08:04 133351     /usr/lib/i386-linux-gnu/libXrandr.so.2.2.0
7632b000-7632c000 r--p 00006000 08:04 133351     /usr/lib/i386-linux-gnu/libXrandr.so.2.2.0
7632c000-7632d000 rw-p 00007000 08:04 133351     /usr/lib/i386-linux-gnu/libXrandr.so.2.2.0
7632d000-76334000 r--s 00000000 08:04 132842     /usr/lib/i386-linux-gnu/gconv/gconv-modules.cache
76334000-76335000 ---p 00000000 00:00 0 
76335000-76400000 rw-p 00000000 00:00 0          [stack:10206]
76400000-765bd000 r--s 031a3000 08:04 790233     /usr/java/jre1.7.0_51/lib/rt.jar
765bd000-78700000 rw-p 00000000 00:00 0 
78700000-78775000 rw-p 00000000 00:00 0 
78775000-78800000 ---p 00000000 00:00 0 
78800000-78808000 r-xp 00000000 08:04 133267     /usr/lib/i386-linux-gnu/libXrender.so.1.3.0
78808000-78809000 r--p 00007000 08:04 133267     /usr/lib/i386-linux-gnu/libXrender.so.1.3.0
78809000-7880a000 rw-p 00008000 08:04 133267     /usr/lib/i386-linux-gnu/libXrender.so.1.3.0
7880a000-78853000 r-xp 00000000 08:04 923350     /usr/java/jre1.7.0_51/lib/i386/xawt/libmawt.so
78853000-78855000 rw-p 00049000 08:04 923350     /usr/java/jre1.7.0_51/lib/i386/xawt/libmawt.so
78855000-78856000 rw-p 00000000 00:00 0 
78856000-78857000 r--s 00127000 08:04 11802735   /home/to/prog/git/boxes/MyScreen-desktop/libs/gdx-natives.jar
78857000-78858000 r--s 001a1000 08:04 11802733   /home/to/prog/git/boxes/MyScreen-desktop/libs/gdx-backend-lwjgl-natives.jar
78858000-78869000 r--s 0012a000 08:04 11802734   /home/to/prog/git/boxes/MyScreen-desktop/libs/gdx-backend-lwjgl.jar
78869000-7887f000 r--s 00154000 08:04 11802717   /home/to/prog/git/boxes/MyScreen/libs/gdx.jar
7887f000-78880000 ---p 00000000 00:00 0 
78880000-78900000 rw-p 00000000 00:00 0          [stack:10202]
78900000-78921000 rw-p 00000000 00:00 0 
78921000-78a00000 ---p 00000000 00:00 0 
78a00000-78a03000 ---p 00000000 00:00 0 
78a03000-78a67000 rw-p 00000000 00:00 0          [stack:10214]
78a67000-78a68000 ---p 00000000 00:00 0 
78a68000-78af0000 rw-p 00000000 00:00 0          [stack:10201]
78af0000-78b08000 rw-p 00000000 00:00 0 
78b08000-78b1b000 rw-p 00000000 00:00 0 
78b1b000-78c2b000 rw-p 00000000 00:00 0 
78c2b000-78c33000 rw-p 00000000 00:00 0 
78c33000-78c4b000 rw-p 00000000 00:00 0 
78c4b000-78c5e000 rw-p 00000000 00:00 0 
78c5e000-78d6d000 rw-p 00000000 00:00 0 
78d6d000-78d77000 rw-p 00000000 00:00 0 
78d77000-78dff000 rw-p 00000000 00:00 0 
78dff000-79e00000 rw-p 00000000 00:00 0 
79e00000-7ce00000 rw-p 00000000 00:00 0 
7ce00000-7f240000 rw-p 00000000 00:00 0 
7f240000-a1340000 rw-p 00000000 00:00 0 
a1340000-a2580000 rw-p 00000000 00:00 0 
a2580000-b3600000 rw-p 00000000 00:00 0 
b3603000-b3605000 r-xp 00000000 08:04 135656     /usr/lib/i386-linux-gnu/libXau.so.6.0.0
b3605000-b3606000 r--p 00001000 08:04 135656     /usr/lib/i386-linux-gnu/libXau.so.6.0.0
b3606000-b3607000 rw-p 00002000 08:04 135656     /usr/lib/i386-linux-gnu/libXau.so.6.0.0
b3607000-b360b000 r--s 0007d000 08:04 790252     /usr/java/jre1.7.0_51/lib/jsse.jar
b360b000-b360d000 r--s 0000c000 08:04 8919915    /usr/share/eclipse/plugins/org.hamcrest.core_1.3.0.v201303031735.jar
b360d000-b3616000 rw-p 00000000 00:00 0 
b3616000-b36cd000 rw-p 00000000 00:00 0 
b36cd000-b390d000 rwxp 00000000 00:00 0 
b390d000-b66cd000 rw-p 00000000 00:00 0 
b66cd000-b66d8000 r-xp 00000000 08:04 4853524    /lib/i386-linux-gnu/libnss_files-2.15.so
b66d8000-b66d9000 r--p 0000a000 08:04 4853524    /lib/i386-linux-gnu/libnss_files-2.15.so
b66d9000-b66da000 rw-p 0000b000 08:04 4853524    /lib/i386-linux-gnu/libnss_files-2.15.so
b66da000-b66e4000 r-xp 00000000 08:04 4849800    /lib/i386-linux-gnu/libnss_nis-2.15.so
b66e4000-b66e5000 r--p 00009000 08:04 4849800    /lib/i386-linux-gnu/libnss_nis-2.15.so
b66e5000-b66e6000 rw-p 0000a000 08:04 4849800    /lib/i386-linux-gnu/libnss_nis-2.15.so
b66e6000-b66fc000 r-xp 00000000 08:04 4849787    /lib/i386-linux-gnu/libnsl-2.15.so
b66fc000-b66fd000 r--p 00015000 08:04 4849787    /lib/i386-linux-gnu/libnsl-2.15.so
b66fd000-b66fe000 rw-p 00016000 08:04 4849787    /lib/i386-linux-gnu/libnsl-2.15.so
b66fe000-b6700000 rw-p 00000000 00:00 0 
b6700000-b67f3000 rw-p 00000000 00:00 0 
b67f3000-b6800000 ---p 00000000 00:00 0 
b6801000-b6807000 r--s 00036000 08:04 9438735    /usr/share/eclipse/plugins/org.junit_4.11.0.v201303080030/junit.jar
b6807000-b680e000 r-xp 00000000 08:04 4854194    /lib/i386-linux-gnu/libnss_compat-2.15.so
b680e000-b680f000 r--p 00006000 08:04 4854194    /lib/i386-linux-gnu/libnss_compat-2.15.so
b680f000-b6810000 rw-p 00007000 08:04 4854194    /lib/i386-linux-gnu/libnss_compat-2.15.so
b6810000-b6827000 r-xp 00000000 08:04 923405     /usr/java/jre1.7.0_51/lib/i386/libzip.so
b6827000-b6828000 rw-p 00017000 08:04 923405     /usr/java/jre1.7.0_51/lib/i386/libzip.so
b6828000-b684b000 r-xp 00000000 08:04 923369     /usr/java/jre1.7.0_51/lib/i386/libjava.so
b684b000-b684c000 rw-p 00022000 08:04 923369     /usr/java/jre1.7.0_51/lib/i386/libjava.so
b684c000-b6853000 r-xp 00000000 08:04 4849795    /lib/i386-linux-gnu/librt-2.15.so
b6853000-b6854000 r--p 00006000 08:04 4849795    /lib/i386-linux-gnu/librt-2.15.so
b6854000-b6855000 rw-p 00007000 08:04 4849795    /lib/i386-linux-gnu/librt-2.15.so
b6855000-b6858000 ---p 00000000 00:00 0 
b6858000-b68a6000 rw-p 00000000 00:00 0          [stack:10200]
b68a6000-b68d0000 r-xp 00000000 08:04 4849799    /lib/i386-linux-gnu/libm-2.15.so
b68d0000-b68d1000 r--p 00029000 08:04 4849799    /lib/i386-linux-gnu/libm-2.15.so
b68d1000-b68d2000 rw-p 0002a000 08:04 4849799    /lib/i386-linux-gnu/libm-2.15.so
b68d2000-b7149000 r-xp 00000000 08:04 923404     /usr/java/jre1.7.0_51/lib/i386/server/libjvm.so
b7149000-b71ad000 rw-p 00877000 08:04 923404     /usr/java/jre1.7.0_51/lib/i386/server/libjvm.so
b71ad000-b75d1000 rw-p 00000000 00:00 0 
b75d1000-b7775000 r-xp 00000000 08:04 4854196    /lib/i386-linux-gnu/libc-2.15.so
b7775000-b7777000 r--p 001a4000 08:04 4854196    /lib/i386-linux-gnu/libc-2.15.so
b7777000-b7778000 rw-p 001a6000 08:04 4854196    /lib/i386-linux-gnu/libc-2.15.so
b7778000-b777b000 rw-p 00000000 00:00 0 
b777b000-b777e000 r-xp 00000000 08:04 4854195    /lib/i386-linux-gnu/libdl-2.15.so
b777e000-b777f000 r--p 00002000 08:04 4854195    /lib/i386-linux-gnu/libdl-2.15.so
b777f000-b7780000 rw-p 00003000 08:04 4854195    /lib/i386-linux-gnu/libdl-2.15.so
b7780000-b7793000 r-xp 00000000 08:04 923373     /usr/java/jre1.7.0_51/lib/i386/jli/libjli.so
b7793000-b7794000 rw-p 00012000 08:04 923373     /usr/java/jre1.7.0_51/lib/i386/jli/libjli.so
b7794000-b7795000 rw-p 00000000 00:00 0 
b7795000-b77ac000 r-xp 00000000 08:04 4849793    /lib/i386-linux-gnu/libpthread-2.15.so
b77ac000-b77ad000 r--p 00016000 08:04 4849793    /lib/i386-linux-gnu/libpthread-2.15.so
b77ad000-b77ae000 rw-p 00017000 08:04 4849793    /lib/i386-linux-gnu/libpthread-2.15.so
b77ae000-b77b0000 rw-p 00000000 00:00 0 
b77b0000-b77b1000 r-xp 00000000 08:04 923391     /usr/java/jre1.7.0_51/lib/i386/libjawt.so
b77b1000-b77b2000 rw-p 00000000 08:04 923391     /usr/java/jre1.7.0_51/lib/i386/libjawt.so
b77b2000-b77ba000 rw-s 00000000 08:04 9837584    /tmp/hsperfdata_to/10198
b77ba000-b77bb000 rw-p 00000000 00:00 0 
b77bb000-b77bc000 r--p 00000000 00:00 0 
b77bc000-b77c7000 r-xp 00000000 08:04 923351     /usr/java/jre1.7.0_51/lib/i386/libverify.so
b77c7000-b77c8000 rw-p 0000b000 08:04 923351     /usr/java/jre1.7.0_51/lib/i386/libverify.so
b77c8000-b77ca000 rw-p 00000000 00:00 0 
b77ca000-b77cb000 r-xp 00000000 00:00 0          [vdso]
b77cb000-b77eb000 r-xp 00000000 08:04 4849794    /lib/i386-linux-gnu/ld-2.15.so
b77eb000-b77ec000 r--p 0001f000 08:04 4849794    /lib/i386-linux-gnu/ld-2.15.so
b77ec000-b77ed000 rw-p 00020000 08:04 4849794    /lib/i386-linux-gnu/ld-2.15.so
bfb25000-bfb46000 rw-p 00000000 00:00 0          [stack]

VM Arguments:
jvm_args: -Dfile.encoding=UTF-8 
java_command: com.formatic.boxes.Main
Launcher Type: SUN_STANDARD

Environment Variables:
JAVA_HOME=/usr/java/jdk1.7.0_51
PATH=/usr/lib/lightdm/lightdm:/usr/local/sbin:/usr/local/bin:/usr/sbin:/usr/bin:/sbin:/bin:/usr/games:/usr/share/processing-2.1
LD_LIBRARY_PATH=/usr/java/jre1.7.0_51/lib/i386/server:/usr/java/jre1.7.0_51/lib/i386:/usr/java/jre1.7.0_51/../lib/i386:/usr/java/jre1.7.0_51/lib/i386/client:/usr/java/jre1.7.0_51/lib/i386:
SHELL=/bin/bash
DISPLAY=:0

Signal Handlers:
SIGSEGV: [libjvm.so+0x7dd5e0], sa_mask[0]=0x7ffbfeff, sa_flags=0x10000004
SIGBUS: [libjvm.so+0x7dd5e0], sa_mask[0]=0x7ffbfeff, sa_flags=0x10000004
SIGFPE: [libjvm.so+0x678d60], sa_mask[0]=0x7ffbfeff, sa_flags=0x10000004
SIGPIPE: [libjvm.so+0x678d60], sa_mask[0]=0x7ffbfeff, sa_flags=0x10000004
SIGXFSZ: [libjvm.so+0x678d60], sa_mask[0]=0x7ffbfeff, sa_flags=0x10000004
SIGILL: [libjvm.so+0x678d60], sa_mask[0]=0x7ffbfeff, sa_flags=0x10000004
SIGUSR1: SIG_DFL, sa_mask[0]=0x00000000, sa_flags=0x00000000
SIGUSR2: [libjvm.so+0x67a250], sa_mask[0]=0x00000004, sa_flags=0x10000004
SIGHUP: [libjvm.so+0x67b3a0], sa_mask[0]=0x7ffbfeff, sa_flags=0x10000004
SIGINT: [libjvm.so+0x67b3a0], sa_mask[0]=0x7ffbfeff, sa_flags=0x10000004
SIGTERM: [libjvm.so+0x67b3a0], sa_mask[0]=0x7ffbfeff, sa_flags=0x10000004
SIGQUIT: [libjvm.so+0x67b3a0], sa_mask[0]=0x7ffbfeff, sa_flags=0x10000004


---------------  S Y S T E M  ---------------

OS:wheezy/sid

uname:Linux 3.5.0-48-generic #72~precise1-Ubuntu SMP Tue Mar 11 20:08:23 UTC 2014 i686
libc:glibc 2.15 NPTL 2.15 
rlimit: STACK 8192k, CORE 0k, NPROC 27775, NOFILE 4096, AS infinity
load average:0,10 0,25 0,33

/proc/meminfo:
MemTotal:        3571224 kB
MemFree:         1079180 kB
Buffers:          128580 kB
Cached:           890244 kB
SwapCached:            0 kB
Active:          1461496 kB
Inactive:         708240 kB
Active(anon):    1151996 kB
Inactive(anon):     6932 kB
Active(file):     309500 kB
Inactive(file):   701308 kB
Unevictable:          48 kB
Mlocked:              48 kB
HighTotal:       2720432 kB
HighFree:         443264 kB
LowTotal:         850792 kB
LowFree:          635916 kB
SwapTotal:       7265276 kB
SwapFree:        7265276 kB
Dirty:               244 kB
Writeback:             0 kB
AnonPages:       1151044 kB
Mapped:           320992 kB
Shmem:              8020 kB
Slab:              59440 kB
SReclaimable:      41932 kB
SUnreclaim:        17508 kB
KernelStack:        4560 kB
PageTables:        13548 kB
NFS_Unstable:          0 kB
Bounce:                0 kB
WritebackTmp:          0 kB
CommitLimit:     9050888 kB
Committed_AS:    4561936 kB
VmallocTotal:     122880 kB
VmallocUsed:       35436 kB
VmallocChunk:      66548 kB
HardwareCorrupted:     0 kB
AnonHugePages:         0 kB
HugePages_Total:       0
HugePages_Free:        0
HugePages_Rsvd:        0
HugePages_Surp:        0
Hugepagesize:       2048 kB
DirectMap4k:       14328 kB
DirectMap2M:      899072 kB


CPU:total 2 (2 cores per cpu, 1 threads per core) family 21 model 16 stepping 1, cmov, cx8, fxsr, mmx, sse, sse2, sse3, ssse3, sse4.1, sse4.2, popcnt, avx, aes, mmxext, 3dnowpref, lzcnt, sse4a, tsc, tscinvbit, tscinv

/proc/cpuinfo:
processor	: 0
vendor_id	: AuthenticAMD
cpu family	: 21
model		: 16
model name	: AMD A6-5400K APU with Radeon(tm) HD Graphics   
stepping	: 1
microcode	: 0x6001119
cpu MHz		: 3600.000
cache size	: 1024 KB
physical id	: 0
siblings	: 2
core id		: 0
cpu cores	: 1
apicid		: 0
initial apicid	: 0
fdiv_bug	: no
hlt_bug		: no
f00f_bug	: no
coma_bug	: no
fpu		: yes
fpu_exception	: yes
cpuid level	: 13
wp		: yes
flags		: fpu vme de pse tsc msr pae mce cx8 apic sep mtrr pge mca cmov pat pse36 clflush mmx fxsr sse sse2 ht syscall nx mmxext fxsr_opt pdpe1gb rdtscp lm constant_tsc nonstop_tsc extd_apicid aperfmperf pni pclmulqdq monitor ssse3 fma cx16 sse4_1 sse4_2 popcnt aes xsave avx f16c lahf_lm cmp_legacy svm extapic cr8_legacy abm sse4a misalignsse 3dnowprefetch osvw ibs xop skinit wdt lwp fma4 tce nodeid_msr tbm topoext perfctr_core arat cpb hw_pstate npt lbrv svm_lock nrip_save tsc_scale vmcb_clean flushbyasid decodeassists pausefilter pfthreshold bmi1
bogomips	: 7187.27
clflush size	: 64
cache_alignment	: 64
address sizes	: 48 bits physical, 48 bits virtual
power management: ts ttp tm 100mhzsteps hwpstate cpb eff_freq_ro

processor	: 1
vendor_id	: AuthenticAMD
cpu family	: 21
model		: 16
model name	: AMD A6-5400K APU with Radeon(tm) HD Graphics   
stepping	: 1
microcode	: 0x6001119
cpu MHz		: 1400.000
cache size	: 1024 KB
physical id	: 0
siblings	: 2
core id		: 1
cpu cores	: 1
apicid		: 1
initial apicid	: 1
fdiv_bug	: no
hlt_bug		: no
f00f_bug	: no
coma_bug	: no
fpu		: yes
fpu_exception	: yes
cpuid level	: 13
wp		: yes
flags		: fpu vme de pse tsc msr pae mce cx8 apic sep mtrr pge mca cmov pat pse36 clflush mmx fxsr sse sse2 ht syscall nx mmxext fxsr_opt pdpe1gb rdtscp lm constant_tsc nonstop_tsc extd_apicid aperfmperf pni pclmulqdq monitor ssse3 fma cx16 sse4_1 sse4_2 popcnt aes xsave avx f16c lahf_lm cmp_legacy svm extapic cr8_legacy abm sse4a misalignsse 3dnowprefetch osvw ibs xop skinit wdt lwp fma4 tce nodeid_msr tbm topoext perfctr_core arat cpb hw_pstate npt lbrv svm_lock nrip_save tsc_scale vmcb_clean flushbyasid decodeassists pausefilter pfthreshold bmi1
bogomips	: 7187.27
clflush size	: 64
cache_alignment	: 64
address sizes	: 48 bits physical, 48 bits virtual
power management: ts ttp tm 100mhzsteps hwpstate cpb eff_freq_ro



Memory: 4k page, physical 3571224k(1079180k free), swap 7265276k(7265276k free)

vm_info: Java HotSpot(TM) Server VM (24.51-b03) for linux-x86 JRE (1.7.0_51-b13), built on Dec 18 2013 18:45:30 by "java_re" with gcc 4.3.0 20080428 (Red Hat 4.3.0-8)

time: Fri Apr  4 18:23:30 2014
elapsed time: 0 seconds

